::1 - - [05/Jan/2021:09:05:35 +0000] "GET /api/events HTTP/1.1" 200 - "http://localhost:4200/" "Mozilla/5.0 (Windows NT 10.0; Win64; x64) AppleWebKit/537.36 (KHTML, like Gecko) Chrome/87.0.4280.88 Safari/537.36"
::1 - - [05/Jan/2021:09:05:39 +0000] "GET /2020-11-19T14-23-11.407Zparty-tipps-zum-tag-der-deutschen-einheit-in-duesseldorf-und-umgebung-994114.jpg HTTP/1.1" 404 243 "http://localhost:4200/" "Mozilla/5.0 (Windows NT 10.0; Win64; x64) AppleWebKit/537.36 (KHTML, like Gecko) Chrome/87.0.4280.88 Safari/537.36"
::1 - - [05/Jan/2021:09:05:39 +0000] "GET /2020-11-19T14-11-24.075Zshining-circle-purple-lighting-isolated-dark-background_1441-2396.jpg HTTP/1.1" 404 232 "http://localhost:4200/" "Mozilla/5.0 (Windows NT 10.0; Win64; x64) AppleWebKit/537.36 (KHTML, like Gecko) Chrome/87.0.4280.88 Safari/537.36"
::1 - - [05/Jan/2021:09:05:39 +0000] "GET /2020-11-19T14-18-31.316Zparty-tipps-zum-tag-der-deutschen-einheit-in-duesseldorf-und-umgebung-994114.jpg HTTP/1.1" 404 243 "http://localhost:4200/" "Mozilla/5.0 (Windows NT 10.0; Win64; x64) AppleWebKit/537.36 (KHTML, like Gecko) Chrome/87.0.4280.88 Safari/537.36"
::1 - - [05/Jan/2021:09:05:39 +0000] "GET /2020-11-19T14-21-17.363Zparty-tipps-zum-tag-der-deutschen-einheit-in-duesseldorf-und-umgebung-994114.jpg HTTP/1.1" 404 243 "http://localhost:4200/" "Mozilla/5.0 (Windows NT 10.0; Win64; x64) AppleWebKit/537.36 (KHTML, like Gecko) Chrome/87.0.4280.88 Safari/537.36"
::1 - - [05/Jan/2021:09:05:39 +0000] "GET /2020-11-19T14-24-44.333Zparty-tipps-zum-tag-der-deutschen-einheit-in-duesseldorf-und-umgebung-994114.jpg HTTP/1.1" 404 243 "http://localhost:4200/" "Mozilla/5.0 (Windows NT 10.0; Win64; x64) AppleWebKit/537.36 (KHTML, like Gecko) Chrome/87.0.4280.88 Safari/537.36"
::1 - - [05/Jan/2021:09:05:41 +0000] "OPTIONS /api/event/5fb67d0cdbab4c47202a0522 HTTP/1.1" 200 8 "http://localhost:4200/" "Mozilla/5.0 (Windows NT 10.0; Win64; x64) AppleWebKit/537.36 (KHTML, like Gecko) Chrome/87.0.4280.88 Safari/537.36"
::1 - - [05/Jan/2021:09:05:41 +0000] "GET /api/event/5fb67d0cdbab4c47202a0522 HTTP/1.1" 200 772 "http://localhost:4200/" "Mozilla/5.0 (Windows NT 10.0; Win64; x64) AppleWebKit/537.36 (KHTML, like Gecko) Chrome/87.0.4280.88 Safari/537.36"
::1 - - [05/Jan/2021:09:05:41 +0000] "GET /2020-11-19T14-11-24.075Zshining-circle-purple-lighting-isolated-dark-background_1441-2396.jpg HTTP/1.1" 404 232 "http://localhost:4200/" "Mozilla/5.0 (Windows NT 10.0; Win64; x64) AppleWebKit/537.36 (KHTML, like Gecko) Chrome/87.0.4280.88 Safari/537.36"
::1 - - [05/Jan/2021:09:06:16 +0000] "OPTIONS /api/event/5fb67d0cdbab4c47202a0522 HTTP/1.1" 200 8 "http://localhost:4200/" "Mozilla/5.0 (Linux; Android 6.0; Nexus 5 Build/MRA58N) AppleWebKit/537.36 (KHTML, like Gecko) Chrome/87.0.4280.88 Mobile Safari/537.36"
::1 - - [05/Jan/2021:09:06:16 +0000] "GET /api/event/5fb67d0cdbab4c47202a0522 HTTP/1.1" 304 - "http://localhost:4200/" "Mozilla/5.0 (Linux; Android 6.0; Nexus 5 Build/MRA58N) AppleWebKit/537.36 (KHTML, like Gecko) Chrome/87.0.4280.88 Mobile Safari/537.36"
::1 - - [05/Jan/2021:09:06:20 +0000] "GET /api/event/5fb67d0cdbab4c47202a0522 HTTP/1.1" 304 - "http://localhost:4200/" "Mozilla/5.0 (Linux; Android 6.0; Nexus 5 Build/MRA58N) AppleWebKit/537.36 (KHTML, like Gecko) Chrome/87.0.4280.88 Mobile Safari/537.36"
::1 - - [05/Jan/2021:09:06:27 +0000] "OPTIONS /api/event/5fb67d0cdbab4c47202a0522 HTTP/1.1" 200 8 "http://localhost:4200/" "Mozilla/5.0 (Linux; Android 6.0; Nexus 5 Build/MRA58N) AppleWebKit/537.36 (KHTML, like Gecko) Chrome/87.0.4280.88 Mobile Safari/537.36"
::1 - - [05/Jan/2021:09:06:27 +0000] "GET /api/event/5fb67d0cdbab4c47202a0522 HTTP/1.1" 304 - "http://localhost:4200/" "Mozilla/5.0 (Linux; Android 6.0; Nexus 5 Build/MRA58N) AppleWebKit/537.36 (KHTML, like Gecko) Chrome/87.0.4280.88 Mobile Safari/537.36"
::1 - - [05/Jan/2021:09:06:32 +0000] "OPTIONS /api/event/5fb67d0cdbab4c47202a0522 HTTP/1.1" 200 8 "http://localhost:4200/" "Mozilla/5.0 (Linux; Android 6.0; Nexus 5 Build/MRA58N) AppleWebKit/537.36 (KHTML, like Gecko) Chrome/87.0.4280.88 Mobile Safari/537.36"
::1 - - [05/Jan/2021:09:06:32 +0000] "GET /api/event/5fb67d0cdbab4c47202a0522 HTTP/1.1" 304 - "http://localhost:4200/" "Mozilla/5.0 (Linux; Android 6.0; Nexus 5 Build/MRA58N) AppleWebKit/537.36 (KHTML, like Gecko) Chrome/87.0.4280.88 Mobile Safari/537.36"
::1 - - [05/Jan/2021:09:06:50 +0000] "GET /api/events HTTP/1.1" 304 - "http://localhost:4200/" "Mozilla/5.0 (Linux; Android 6.0; Nexus 5 Build/MRA58N) AppleWebKit/537.36 (KHTML, like Gecko) Chrome/87.0.4280.88 Mobile Safari/537.36"
::1 - - [05/Jan/2021:09:06:52 +0000] "OPTIONS /api/userevents HTTP/1.1" 200 8 "http://localhost:4200/" "Mozilla/5.0 (Linux; Android 6.0; Nexus 5 Build/MRA58N) AppleWebKit/537.36 (KHTML, like Gecko) Chrome/87.0.4280.88 Mobile Safari/537.36"
::1 - - [05/Jan/2021:09:06:52 +0000] "GET /api/userevents HTTP/1.1" 500 25 "http://localhost:4200/" "Mozilla/5.0 (Linux; Android 6.0; Nexus 5 Build/MRA58N) AppleWebKit/537.36 (KHTML, like Gecko) Chrome/87.0.4280.88 Mobile Safari/537.36"
::1 - - [05/Jan/2021:09:07:08 +0000] "OPTIONS /auth/login HTTP/1.1" 200 4 "http://localhost:4200/" "Mozilla/5.0 (Linux; Android 6.0; Nexus 5 Build/MRA58N) AppleWebKit/537.36 (KHTML, like Gecko) Chrome/87.0.4280.88 Mobile Safari/537.36"
::1 - - [05/Jan/2021:09:07:08 +0000] "POST /auth/login HTTP/1.1" 200 286 "http://localhost:4200/" "Mozilla/5.0 (Linux; Android 6.0; Nexus 5 Build/MRA58N) AppleWebKit/537.36 (KHTML, like Gecko) Chrome/87.0.4280.88 Mobile Safari/537.36"
::1 - - [05/Jan/2021:09:07:44 +0000] "OPTIONS /api/register HTTP/1.1" 200 4 "http://localhost:4200/" "Mozilla/5.0 (Linux; Android 6.0; Nexus 5 Build/MRA58N) AppleWebKit/537.36 (KHTML, like Gecko) Chrome/87.0.4280.88 Mobile Safari/537.36"
::1 - - [05/Jan/2021:09:07:44 +0000] "POST /api/register HTTP/1.1" 500 34 "http://localhost:4200/" "Mozilla/5.0 (Linux; Android 6.0; Nexus 5 Build/MRA58N) AppleWebKit/537.36 (KHTML, like Gecko) Chrome/87.0.4280.88 Mobile Safari/537.36"
::1 - - [05/Jan/2021:09:09:05 +0000] "OPTIONS /api/register HTTP/1.1" 200 4 "http://localhost:4200/" "Mozilla/5.0 (Linux; Android 6.0; Nexus 5 Build/MRA58N) AppleWebKit/537.36 (KHTML, like Gecko) Chrome/87.0.4280.88 Mobile Safari/537.36"
::1 - - [05/Jan/2021:09:09:05 +0000] "POST /api/register HTTP/1.1" 500 34 "http://localhost:4200/" "Mozilla/5.0 (Linux; Android 6.0; Nexus 5 Build/MRA58N) AppleWebKit/537.36 (KHTML, like Gecko) Chrome/87.0.4280.88 Mobile Safari/537.36"
::1 - - [05/Jan/2021:09:11:25 +0000] "OPTIONS /api/register HTTP/1.1" 200 4 "http://localhost:4200/" "Mozilla/5.0 (Linux; Android 6.0; Nexus 5 Build/MRA58N) AppleWebKit/537.36 (KHTML, like Gecko) Chrome/87.0.4280.88 Mobile Safari/537.36"
::1 - - [05/Jan/2021:09:11:29 +0000] "POST /api/register HTTP/1.1" 500 62 "http://localhost:4200/" "Mozilla/5.0 (Linux; Android 6.0; Nexus 5 Build/MRA58N) AppleWebKit/537.36 (KHTML, like Gecko) Chrome/87.0.4280.88 Mobile Safari/537.36"
::1 - - [05/Jan/2021:09:12:16 +0000] "OPTIONS /api/register HTTP/1.1" 200 4 "http://localhost:4200/" "Mozilla/5.0 (Windows NT 10.0; Win64; x64) AppleWebKit/537.36 (KHTML, like Gecko) Chrome/87.0.4280.88 Safari/537.36"
::1 - - [05/Jan/2021:09:12:16 +0000] "POST /api/register HTTP/1.1" 500 62 "http://localhost:4200/" "Mozilla/5.0 (Windows NT 10.0; Win64; x64) AppleWebKit/537.36 (KHTML, like Gecko) Chrome/87.0.4280.88 Safari/537.36"
::1 - - [05/Jan/2021:09:15:31 +0000] "OPTIONS /api/register HTTP/1.1" 200 4 "http://localhost:4200/" "Mozilla/5.0 (Linux; Android 6.0; Nexus 5 Build/MRA58N) AppleWebKit/537.36 (KHTML, like Gecko) Chrome/87.0.4280.88 Mobile Safari/537.36"
::1 - - [05/Jan/2021:09:16:03 +0000] "OPTIONS /api/register HTTP/1.1" 200 4 "http://localhost:4200/" "Mozilla/5.0 (Linux; Android 6.0; Nexus 5 Build/MRA58N) AppleWebKit/537.36 (KHTML, like Gecko) Chrome/87.0.4280.88 Mobile Safari/537.36"
::1 - - [05/Jan/2021:09:17:17 +0000] "OPTIONS /api/register HTTP/1.1" 200 4 "http://localhost:4200/" "Mozilla/5.0 (Linux; Android 6.0; Nexus 5 Build/MRA58N) AppleWebKit/537.36 (KHTML, like Gecko) Chrome/87.0.4280.88 Mobile Safari/537.36"
::1 - - [05/Jan/2021:09:17:23 +0000] "POST /api/register HTTP/1.1" 201 677 "http://localhost:4200/" "Mozilla/5.0 (Linux; Android 6.0; Nexus 5 Build/MRA58N) AppleWebKit/537.36 (KHTML, like Gecko) Chrome/87.0.4280.88 Mobile Safari/537.36"
::1 - - [05/Jan/2021:09:18:15 +0000] "OPTIONS /api/register HTTP/1.1" 200 4 "http://localhost:4200/" "Mozilla/5.0 (Linux; Android 6.0; Nexus 5 Build/MRA58N) AppleWebKit/537.36 (KHTML, like Gecko) Chrome/87.0.4280.88 Mobile Safari/537.36"
::1 - - [05/Jan/2021:09:18:18 +0000] "POST /api/register HTTP/1.1" 201 677 "http://localhost:4200/" "Mozilla/5.0 (Linux; Android 6.0; Nexus 5 Build/MRA58N) AppleWebKit/537.36 (KHTML, like Gecko) Chrome/87.0.4280.88 Mobile Safari/537.36"
::1 - - [05/Jan/2021:09:19:41 +0000] "OPTIONS /auth/signup HTTP/1.1" 200 4 "http://localhost:4200/" "Mozilla/5.0 (Linux; Android 6.0; Nexus 5 Build/MRA58N) AppleWebKit/537.36 (KHTML, like Gecko) Chrome/87.0.4280.88 Mobile Safari/537.36"
::1 - - [05/Jan/2021:09:19:43 +0000] "POST /auth/signup HTTP/1.1" 201 63 "http://localhost:4200/" "Mozilla/5.0 (Linux; Android 6.0; Nexus 5 Build/MRA58N) AppleWebKit/537.36 (KHTML, like Gecko) Chrome/87.0.4280.88 Mobile Safari/537.36"
::1 - - [05/Jan/2021:09:41:09 +0000] "OPTIONS /auth/signup HTTP/1.1" 200 4 "http://localhost:4200/" "Mozilla/5.0 (Linux; Android 6.0; Nexus 5 Build/MRA58N) AppleWebKit/537.36 (KHTML, like Gecko) Chrome/87.0.4280.88 Mobile Safari/537.36"
::1 - - [05/Jan/2021:09:41:12 +0000] "POST /auth/signup HTTP/1.1" 201 63 "http://localhost:4200/" "Mozilla/5.0 (Linux; Android 6.0; Nexus 5 Build/MRA58N) AppleWebKit/537.36 (KHTML, like Gecko) Chrome/87.0.4280.88 Mobile Safari/537.36"
::1 - - [05/Jan/2021:09:46:40 +0000] "OPTIONS /auth/signup HTTP/1.1" 200 4 "http://localhost:4200/" "Mozilla/5.0 (Linux; Android 6.0; Nexus 5 Build/MRA58N) AppleWebKit/537.36 (KHTML, like Gecko) Chrome/87.0.4280.88 Mobile Safari/537.36"
::1 - - [05/Jan/2021:09:46:42 +0000] "POST /auth/signup HTTP/1.1" 201 63 "http://localhost:4200/" "Mozilla/5.0 (Linux; Android 6.0; Nexus 5 Build/MRA58N) AppleWebKit/537.36 (KHTML, like Gecko) Chrome/87.0.4280.88 Mobile Safari/537.36"
::1 - - [05/Jan/2021:09:47:47 +0000] "OPTIONS /auth/signup HTTP/1.1" 200 4 "http://localhost:4200/" "Mozilla/5.0 (Linux; Android 6.0; Nexus 5 Build/MRA58N) AppleWebKit/537.36 (KHTML, like Gecko) Chrome/87.0.4280.88 Mobile Safari/537.36"
::1 - - [05/Jan/2021:09:47:49 +0000] "POST /auth/signup HTTP/1.1" 201 63 "http://localhost:4200/" "Mozilla/5.0 (Linux; Android 6.0; Nexus 5 Build/MRA58N) AppleWebKit/537.36 (KHTML, like Gecko) Chrome/87.0.4280.88 Mobile Safari/537.36"
::1 - - [05/Jan/2021:09:49:25 +0000] "OPTIONS /auth/signup HTTP/1.1" 200 4 "http://localhost:4200/" "Mozilla/5.0 (Linux; Android 6.0; Nexus 5 Build/MRA58N) AppleWebKit/537.36 (KHTML, like Gecko) Chrome/87.0.4280.88 Mobile Safari/537.36"
::1 - - [05/Jan/2021:09:49:27 +0000] "POST /auth/signup HTTP/1.1" 201 63 "http://localhost:4200/" "Mozilla/5.0 (Linux; Android 6.0; Nexus 5 Build/MRA58N) AppleWebKit/537.36 (KHTML, like Gecko) Chrome/87.0.4280.88 Mobile Safari/537.36"
::1 - - [05/Jan/2021:09:49:49 +0000] "OPTIONS /auth/otpVerify/5ff4362777a3ef0aa089b4df HTTP/1.1" 200 4 "http://localhost:4200/" "Mozilla/5.0 (Linux; Android 6.0; Nexus 5 Build/MRA58N) AppleWebKit/537.36 (KHTML, like Gecko) Chrome/87.0.4280.88 Mobile Safari/537.36"
::1 - - [05/Jan/2021:09:49:49 +0000] "POST /auth/otpVerify/5ff4362777a3ef0aa089b4df HTTP/1.1" 200 342 "http://localhost:4200/" "Mozilla/5.0 (Linux; Android 6.0; Nexus 5 Build/MRA58N) AppleWebKit/537.36 (KHTML, like Gecko) Chrome/87.0.4280.88 Mobile Safari/537.36"
::1 - - [05/Jan/2021:09:50:24 +0000] "GET /api/events HTTP/1.1" 200 - "http://localhost:4200/" "Mozilla/5.0 (Linux; Android 6.0; Nexus 5 Build/MRA58N) AppleWebKit/537.36 (KHTML, like Gecko) Chrome/87.0.4280.88 Mobile Safari/537.36"
::1 - - [05/Jan/2021:09:50:27 +0000] "GET /2020-11-19T14-11-24.075Zshining-circle-purple-lighting-isolated-dark-background_1441-2396.jpg HTTP/1.1" 404 232 "http://localhost:4200/" "Mozilla/5.0 (Linux; Android 6.0; Nexus 5 Build/MRA58N) AppleWebKit/537.36 (KHTML, like Gecko) Chrome/87.0.4280.88 Mobile Safari/537.36"
::1 - - [05/Jan/2021:09:50:27 +0000] "GET /2020-11-19T14-21-17.363Zparty-tipps-zum-tag-der-deutschen-einheit-in-duesseldorf-und-umgebung-994114.jpg HTTP/1.1" 404 243 "http://localhost:4200/" "Mozilla/5.0 (Linux; Android 6.0; Nexus 5 Build/MRA58N) AppleWebKit/537.36 (KHTML, like Gecko) Chrome/87.0.4280.88 Mobile Safari/537.36"
::1 - - [05/Jan/2021:09:50:27 +0000] "GET /2020-11-19T14-18-31.316Zparty-tipps-zum-tag-der-deutschen-einheit-in-duesseldorf-und-umgebung-994114.jpg HTTP/1.1" 404 243 "http://localhost:4200/" "Mozilla/5.0 (Linux; Android 6.0; Nexus 5 Build/MRA58N) AppleWebKit/537.36 (KHTML, like Gecko) Chrome/87.0.4280.88 Mobile Safari/537.36"
::1 - - [05/Jan/2021:09:50:27 +0000] "GET /2020-11-19T14-23-11.407Zparty-tipps-zum-tag-der-deutschen-einheit-in-duesseldorf-und-umgebung-994114.jpg HTTP/1.1" 404 243 "http://localhost:4200/" "Mozilla/5.0 (Linux; Android 6.0; Nexus 5 Build/MRA58N) AppleWebKit/537.36 (KHTML, like Gecko) Chrome/87.0.4280.88 Mobile Safari/537.36"
::1 - - [05/Jan/2021:09:50:27 +0000] "GET /2020-11-19T14-24-44.333Zparty-tipps-zum-tag-der-deutschen-einheit-in-duesseldorf-und-umgebung-994114.jpg HTTP/1.1" 404 243 "http://localhost:4200/" "Mozilla/5.0 (Linux; Android 6.0; Nexus 5 Build/MRA58N) AppleWebKit/537.36 (KHTML, like Gecko) Chrome/87.0.4280.88 Mobile Safari/537.36"
::1 - - [05/Jan/2021:09:50:27 +0000] "GET //storage.googleapis.com/eventsity-server.appspot.com/1609838237951-it%20soo.jpg HTTP/1.1" 404 218 "http://localhost:4200/" "Mozilla/5.0 (Linux; Android 6.0; Nexus 5 Build/MRA58N) AppleWebKit/537.36 (KHTML, like Gecko) Chrome/87.0.4280.88 Mobile Safari/537.36"
::1 - - [05/Jan/2021:09:50:27 +0000] "GET //storage.googleapis.com/eventsity-server.appspot.com/1609838295225-it%20soo.jpg HTTP/1.1" 404 218 "http://localhost:4200/" "Mozilla/5.0 (Linux; Android 6.0; Nexus 5 Build/MRA58N) AppleWebKit/537.36 (KHTML, like Gecko) Chrome/87.0.4280.88 Mobile Safari/537.36"
::1 - - [05/Jan/2021:09:50:30 +0000] "OPTIONS /api/event/5fb67d0cdbab4c47202a0522 HTTP/1.1" 200 8 "http://localhost:4200/" "Mozilla/5.0 (Linux; Android 6.0; Nexus 5 Build/MRA58N) AppleWebKit/537.36 (KHTML, like Gecko) Chrome/87.0.4280.88 Mobile Safari/537.36"
::1 - - [05/Jan/2021:09:50:30 +0000] "GET /api/event/5fb67d0cdbab4c47202a0522 HTTP/1.1" 304 - "http://localhost:4200/" "Mozilla/5.0 (Linux; Android 6.0; Nexus 5 Build/MRA58N) AppleWebKit/537.36 (KHTML, like Gecko) Chrome/87.0.4280.88 Mobile Safari/537.36"
::1 - - [05/Jan/2021:09:50:34 +0000] "GET /api/events HTTP/1.1" 304 - "http://localhost:4200/" "Mozilla/5.0 (Linux; Android 6.0; Nexus 5 Build/MRA58N) AppleWebKit/537.36 (KHTML, like Gecko) Chrome/87.0.4280.88 Mobile Safari/537.36"
::1 - - [05/Jan/2021:09:50:35 +0000] "GET /2020-11-19T14-11-24.075Zshining-circle-purple-lighting-isolated-dark-background_1441-2396.jpg HTTP/1.1" 404 232 "http://localhost:4200/" "Mozilla/5.0 (Linux; Android 6.0; Nexus 5 Build/MRA58N) AppleWebKit/537.36 (KHTML, like Gecko) Chrome/87.0.4280.88 Mobile Safari/537.36"
::1 - - [05/Jan/2021:09:50:35 +0000] "GET /2020-11-19T14-18-31.316Zparty-tipps-zum-tag-der-deutschen-einheit-in-duesseldorf-und-umgebung-994114.jpg HTTP/1.1" 404 243 "http://localhost:4200/" "Mozilla/5.0 (Linux; Android 6.0; Nexus 5 Build/MRA58N) AppleWebKit/537.36 (KHTML, like Gecko) Chrome/87.0.4280.88 Mobile Safari/537.36"
::1 - - [05/Jan/2021:09:50:35 +0000] "GET /2020-11-19T14-21-17.363Zparty-tipps-zum-tag-der-deutschen-einheit-in-duesseldorf-und-umgebung-994114.jpg HTTP/1.1" 404 243 "http://localhost:4200/" "Mozilla/5.0 (Linux; Android 6.0; Nexus 5 Build/MRA58N) AppleWebKit/537.36 (KHTML, like Gecko) Chrome/87.0.4280.88 Mobile Safari/537.36"
::1 - - [05/Jan/2021:09:50:35 +0000] "GET /2020-11-19T14-24-44.333Zparty-tipps-zum-tag-der-deutschen-einheit-in-duesseldorf-und-umgebung-994114.jpg HTTP/1.1" 404 243 "http://localhost:4200/" "Mozilla/5.0 (Linux; Android 6.0; Nexus 5 Build/MRA58N) AppleWebKit/537.36 (KHTML, like Gecko) Chrome/87.0.4280.88 Mobile Safari/537.36"
::1 - - [05/Jan/2021:09:50:35 +0000] "GET //storage.googleapis.com/eventsity-server.appspot.com/1609838237951-it%20soo.jpg HTTP/1.1" 404 218 "http://localhost:4200/" "Mozilla/5.0 (Linux; Android 6.0; Nexus 5 Build/MRA58N) AppleWebKit/537.36 (KHTML, like Gecko) Chrome/87.0.4280.88 Mobile Safari/537.36"
::1 - - [05/Jan/2021:09:50:35 +0000] "GET /2020-11-19T14-23-11.407Zparty-tipps-zum-tag-der-deutschen-einheit-in-duesseldorf-und-umgebung-994114.jpg HTTP/1.1" 404 243 "http://localhost:4200/" "Mozilla/5.0 (Linux; Android 6.0; Nexus 5 Build/MRA58N) AppleWebKit/537.36 (KHTML, like Gecko) Chrome/87.0.4280.88 Mobile Safari/537.36"
::1 - - [05/Jan/2021:09:50:35 +0000] "GET //storage.googleapis.com/eventsity-server.appspot.com/1609838295225-it%20soo.jpg HTTP/1.1" 404 218 "http://localhost:4200/" "Mozilla/5.0 (Linux; Android 6.0; Nexus 5 Build/MRA58N) AppleWebKit/537.36 (KHTML, like Gecko) Chrome/87.0.4280.88 Mobile Safari/537.36"
::1 - - [05/Jan/2021:09:50:38 +0000] "OPTIONS /api/event/5ff42ed929bf5f3c848c5aa1 HTTP/1.1" 200 8 "http://localhost:4200/" "Mozilla/5.0 (Linux; Android 6.0; Nexus 5 Build/MRA58N) AppleWebKit/537.36 (KHTML, like Gecko) Chrome/87.0.4280.88 Mobile Safari/537.36"
::1 - - [05/Jan/2021:09:50:40 +0000] "GET /api/event/5ff42ed929bf5f3c848c5aa1 HTTP/1.1" 200 612 "http://localhost:4200/" "Mozilla/5.0 (Linux; Android 6.0; Nexus 5 Build/MRA58N) AppleWebKit/537.36 (KHTML, like Gecko) Chrome/87.0.4280.88 Mobile Safari/537.36"
::1 - - [05/Jan/2021:09:50:55 +0000] "GET /api/events HTTP/1.1" 304 - "http://localhost:4200/" "Mozilla/5.0 (Linux; Android 6.0; Nexus 5 Build/MRA58N) AppleWebKit/537.36 (KHTML, like Gecko) Chrome/87.0.4280.88 Mobile Safari/537.36"
